#
# There is insufficient memory for the Java Runtime Environment to continue.
# Native memory allocation (mmap) failed to map 268435456 bytes for G1 virtual space
# Possible reasons:
#   The system is out of physical RAM or swap space
#   The process is running with CompressedOops enabled, and the Java Heap may be blocking the growth of the native heap
# Possible solutions:
#   Reduce memory load on the system
#   Increase physical memory or swap space
#   Check if swap backing store is full
#   Decrease Java heap size (-Xmx/-Xms)
#   Decrease number of Java threads
#   Decrease Java thread stack sizes (-Xss)
#   Set larger code cache with -XX:ReservedCodeCacheSize=
#   JVM is running with Unscaled Compressed Oops mode in which the Java heap is
#     placed in the first 4GB address space. The Java Heap base address is the
#     maximum limit for the native heap growth. Please use -XX:HeapBaseMinAddress
#     to set the Java Heap base and to place the Java Heap above 4GB virtual address.
# This output file may be truncated or incomplete.
#
#  Out of Memory Error (os_windows.cpp:3559), pid=5044, tid=22704
#
# JRE version:  (17.0.7+7) (build )
# Java VM: OpenJDK 64-Bit Server VM (17.0.7+7-LTS, mixed mode, sharing, tiered, compressed oops, compressed class ptrs, g1 gc, windows-amd64)
# No core dump will be written. Minidumps are not enabled by default on client versions of Windows
#

---------------  S U M M A R Y ------------

Command Line: -Dorg.gradle.internal.worker.tmpdir=C:\Users\dadad\OneDrive\desktop\BlogProject\BlogProject\build\tmp\test\work -Dorg.gradle.native=false -Xmx512m -Dfile.encoding=UTF-8 -Duser.country=KR -Duser.language=ko -Duser.variant -ea worker.org.gradle.process.internal.worker.GradleWorkerMain 'Gradle Test Executor 6'

Host: Intel(R) Core(TM) i5-9400F CPU @ 2.90GHz, 6 cores, 15G,  Windows 10 , 64 bit Build 19041 (10.0.19041.3031)
Time: Fri Jun 23 10:38:48 2023  Windows 10 , 64 bit Build 19041 (10.0.19041.3031) elapsed time: 0.018401 seconds (0d 0h 0m 0s)

---------------  T H R E A D  ---------------

Current thread (0x000001762721f3e0):  JavaThread "Unknown thread" [_thread_in_vm, id=22704, stack(0x00000011ac400000,0x00000011ac500000)]

Stack: [0x00000011ac400000,0x00000011ac500000]
Native frames: (J=compiled Java code, j=interpreted, Vv=VM code, C=native code)
V  [jvm.dll+0x64b53a]
V  [jvm.dll+0x7fef54]
V  [jvm.dll+0x80070e]
V  [jvm.dll+0x800d63]
V  [jvm.dll+0x236a2b]
V  [jvm.dll+0x64843a]
V  [jvm.dll+0x63ce8a]
V  [jvm.dll+0x2f5629]
V  [jvm.dll+0x2fc826]
V  [jvm.dll+0x348eea]
V  [jvm.dll+0x34912f]
V  [jvm.dll+0x2cb9a8]
V  [jvm.dll+0x2cc939]
V  [jvm.dll+0x7d2cd1]
V  [jvm.dll+0x3563c1]
V  [jvm.dll+0x7b32ae]
V  [jvm.dll+0x3d38d3]
V  [jvm.dll+0x3d52c1]
C  [jli.dll+0x51bf]
C  [ucrtbase.dll+0x21bb2]
C  [KERNEL32.DLL+0x17614]
C  [ntdll.dll+0x526f1]


---------------  P R O C E S S  ---------------

Threads class SMR info:
_java_thread_list=0x00007ffbeab5c858, length=0, elements={
}

Java Threads: ( => current thread )

Other Threads:
  0x00000176272527e0 GCTaskThread "GC Thread#0" [stack: 0x00000011ac500000,0x00000011ac600000] [id=22700]
  0x0000017627257630 ConcurrentGCThread "G1 Main Marker" [stack: 0x00000011ac600000,0x00000011ac700000] [id=9828]
  0x0000017627258790 ConcurrentGCThread "G1 Conc#0" [stack: 0x00000011ac700000,0x00000011ac800000] [id=17792]

[error occurred during error reporting (printing all threads), id 0xc0000005, EXCEPTION_ACCESS_VIOLATION (0xc0000005) at pc=0x00007ffbea34cc47]

VM state: not at safepoint (not fully initialized)

VM Mutex/Monitor currently owned by a thread:  ([mutex/lock_event])
[0x000001762721caf0] Heap_lock - owner thread: 0x000001762721f3e0

Heap address: 0x00000000e0000000, size: 512 MB, Compressed Oops mode: 32-bit

CDS archive(s) mapped at: [0x0000000000000000-0x0000000000000000-0x0000000000000000), size 0, SharedBaseAddress: 0x0000000800000000, ArchiveRelocationMode: 0.
Narrow klass base: 0x0000000000000000, Narrow klass shift: 0, Narrow klass range: 0x0

GC Precious Log:
<Empty>

Heap:
 garbage-first heap   total 0K, used 0K [0x00000000e0000000, 0x0000000100000000)
  region size 1024K, 0 young (0K), 0 survivors (0K)

[error occurred during error reporting (printing heap information), id 0xc0000005, EXCEPTION_ACCESS_VIOLATION (0xc0000005) at pc=0x00007ffbea713419]

GC Heap History (0 events):
No events

Dll operation events (1 events):
Event: 0.014 Loaded shared library C:\Users\dadad\.jdks\corretto-17.0.7\bin\java.dll

Deoptimization events (0 events):
No events

Classes unloaded (0 events):
No events

Classes redefined (0 events):
No events

Internal exceptions (0 events):
No events

VM Operations (0 events):
No events

Events (0 events):
No events


Dynamic libraries:
0x00007ff621500000 - 0x00007ff62150d000 	C:\Users\dadad\.jdks\corretto-17.0.7\bin\java.exe
0x00007ffc4a0b0000 - 0x00007ffc4a2a8000 	C:\WINDOWS\SYSTEM32\ntdll.dll
0x00007ffc49e60000 - 0x00007ffc49f1f000 	C:\WINDOWS\System32\KERNEL32.DLL
0x00007ffc47af0000 - 0x00007ffc47de6000 	C:\WINDOWS\System32\KERNELBASE.dll
0x00007ffc47820000 - 0x00007ffc47920000 	C:\WINDOWS\System32\ucrtbase.dll
0x00007ffc238c0000 - 0x00007ffc238d5000 	C:\Users\dadad\.jdks\corretto-17.0.7\bin\VCRUNTIME140.dll
0x00007ffc23f10000 - 0x00007ffc23f27000 	C:\Users\dadad\.jdks\corretto-17.0.7\bin\jli.dll
0x00007ffc49cc0000 - 0x00007ffc49e5d000 	C:\WINDOWS\System32\USER32.dll
0x00007ffc47df0000 - 0x00007ffc47e12000 	C:\WINDOWS\System32\win32u.dll
0x00007ffc49b40000 - 0x00007ffc49b6c000 	C:\WINDOWS\System32\GDI32.dll
0x00007ffc37770000 - 0x00007ffc37a0a000 	C:\WINDOWS\WinSxS\amd64_microsoft.windows.common-controls_6595b64144ccf1df_6.0.19041.1110_none_60b5254171f9507e\COMCTL32.dll
0x00007ffc47f50000 - 0x00007ffc48065000 	C:\WINDOWS\System32\gdi32full.dll
0x00007ffc49130000 - 0x00007ffc491ce000 	C:\WINDOWS\System32\msvcrt.dll
0x00007ffc48070000 - 0x00007ffc4810d000 	C:\WINDOWS\System32\msvcp_win.dll
0x00007ffc48250000 - 0x00007ffc48280000 	C:\WINDOWS\System32\IMM32.DLL
0x00007ffc13450000 - 0x00007ffc134eb000 	C:\Users\dadad\.jdks\corretto-17.0.7\bin\msvcp140.dll
0x00007ffbea070000 - 0x00007ffbeac8a000 	C:\Users\dadad\.jdks\corretto-17.0.7\bin\server\jvm.dll
0x00007ffc49fc0000 - 0x00007ffc4a06f000 	C:\WINDOWS\System32\ADVAPI32.dll
0x00007ffc49f20000 - 0x00007ffc49fbc000 	C:\WINDOWS\System32\sechost.dll
0x00007ffc48ac0000 - 0x00007ffc48be6000 	C:\WINDOWS\System32\RPCRT4.dll
0x00007ffc41cd0000 - 0x00007ffc41cda000 	C:\WINDOWS\SYSTEM32\VERSION.dll
0x00007ffc34830000 - 0x00007ffc34839000 	C:\WINDOWS\SYSTEM32\WSOCK32.dll
0x00007ffc49540000 - 0x00007ffc495ab000 	C:\WINDOWS\System32\WS2_32.dll
0x00007ffc3f870000 - 0x00007ffc3f897000 	C:\WINDOWS\SYSTEM32\WINMM.dll
0x00007ffc45660000 - 0x00007ffc45672000 	C:\WINDOWS\SYSTEM32\kernel.appcore.dll
0x00007ffc33a80000 - 0x00007ffc33a8a000 	C:\Users\dadad\.jdks\corretto-17.0.7\bin\jimage.dll
0x00007ffc38be0000 - 0x00007ffc38dc4000 	C:\WINDOWS\SYSTEM32\DBGHELP.DLL
0x00007ffc33a40000 - 0x00007ffc33a74000 	C:\WINDOWS\SYSTEM32\dbgcore.DLL
0x00007ffc47790000 - 0x00007ffc47812000 	C:\WINDOWS\System32\bcryptPrimitives.dll
0x00007ffc1eb10000 - 0x00007ffc1eb35000 	C:\Users\dadad\.jdks\corretto-17.0.7\bin\java.dll

dbghelp: loaded successfully - version: 4.0.5 - missing functions: none
symbol engine: initialized successfully - sym options: 0x614 - pdb path: .;C:\Users\dadad\.jdks\corretto-17.0.7\bin;C:\WINDOWS\SYSTEM32;C:\WINDOWS\WinSxS\amd64_microsoft.windows.common-controls_6595b64144ccf1df_6.0.19041.1110_none_60b5254171f9507e;C:\Users\dadad\.jdks\corretto-17.0.7\bin\server

VM Arguments:
jvm_args: -Dorg.gradle.internal.worker.tmpdir=C:\Users\dadad\OneDrive\desktop\BlogProject\BlogProject\build\tmp\test\work -Dorg.gradle.native=false -Xmx512m -Dfile.encoding=UTF-8 -Duser.country=KR -Duser.language=ko -Duser.variant -ea 
java_command: worker.org.gradle.process.internal.worker.GradleWorkerMain 'Gradle Test Executor 6'
java_class_path (initial): C:\\Users\\dadad\\.gradle\\caches\\7.5.1\\workerMain\\gradle-worker.jar;C:\\Users\\dadad\\OneDrive\\desktop\\BlogProject\\BlogProject\\build\\classes\\java\\test;C:\\Users\\dadad\\OneDrive\\desktop\\BlogProject\\BlogProject\\build\\classes\\java\\main;C:\\Users\\dadad\\OneDrive\\desktop\\BlogProject\\BlogProject\\build\\resources\\main;C:\\Users\\dadad\\.gradle\\caches\\modules-2\\files-2.1\\org.springframework.boot\\spring-boot-starter-web\\3.0.2\\3f6a2cb4cb11bac3611f5a95e234589eb190dd29\\spring-boot-starter-web-3.0.2.jar;C:\\Users\\dadad\\.gradle\\caches\\modules-2\\files-2.1\\org.springframework.boot\\spring-boot-starter-data-jpa\\3.0.2\\fc0dbe82effb33d3d89b4cf2ec6b7968ad2af558\\spring-boot-starter-data-jpa-3.0.2.jar;C:\\Users\\dadad\\.gradle\\caches\\modules-2\\files-2.1\\io.jsonwebtoken\\jjwt\\0.9.1\\54d2abfc3e63a28824d35bf600d6a5d627da681a\\jjwt-0.9.1.jar;C:\\Users\\dadad\\.gradle\\caches\\modules-2\\files-2.1\\javax.xml.bind\\jaxb-api\\2.3.1\\8531ad5ac454cc2deb9d4d32c40c4d7451939b5d\\jaxb-api-2.3.1.jar;C:\\Users\\dadad\\.gradle\\caches\\modules-2\\files-2.1\\org.springframework.boot\\spring-boot-starter-oauth2-client\\3.0.2\\f2040c40dd86f8d1e402d0d06ff162f2d4194b38\\spring-boot-starter-oauth2-client-3.0.2.jar;C:\\Users\\dadad\\.gradle\\caches\\modules-2\\files-2.1\\org.springframework.boot\\spring-boot-starter-security\\3.0.2\\9482177b76f34717dc85b20c650ab1248005ebb4\\spring-boot-starter-security-3.0.2.jar;C:\\Users\\dadad\\.gradle\\caches\\modules-2\\files-2.1\\org.thymeleaf.extras\\thymeleaf-extras-springsecurity6\\3.1.1.RELEASE\\af922bd525aa914b70723f3b19adefd09c49bb3b\\thymeleaf-extras-springsecurity6-3.1.1.RELEASE.jar;C:\\Users\\dadad\\.gradle\\caches\\modules-2\\files-2.1\\org.springframework.boot\\spring-boot-starter-thymeleaf\\3.0.2\\e79481a7c3984941b9f9c73271867e4fcb4c0cc5\\spring-boot-starter-thymeleaf-3.0.2.jar;C:\\Users\\dadad\\.gradle\\caches\\modules-2\\files-2.1\\com.h2database\\h2\\2.1.214\\d5c2005c9e3279201e12d477
Launcher Type: SUN_STANDARD

[Global flags]
     intx CICompilerCount                          = 3                                         {product} {ergonomic}
     uint ConcGCThreads                            = 2                                         {product} {ergonomic}
     uint G1ConcRefinementThreads                  = 6                                         {product} {ergonomic}
   size_t G1HeapRegionSize                         = 1048576                                   {product} {ergonomic}
    uintx GCDrainStackTargetSize                   = 64                                        {product} {ergonomic}
   size_t InitialHeapSize                          = 268435456                                 {product} {ergonomic}
   size_t MarkStackSize                            = 4194304                                   {product} {ergonomic}
   size_t MaxHeapSize                              = 536870912                                 {product} {command line}
   size_t MinHeapDeltaBytes                        = 1048576                                   {product} {ergonomic}
   size_t MinHeapSize                              = 8388608                                   {product} {ergonomic}
    uintx NonNMethodCodeHeapSize                   = 5832780                                {pd product} {ergonomic}
    uintx NonProfiledCodeHeapSize                  = 122912730                              {pd product} {ergonomic}
    uintx ProfiledCodeHeapSize                     = 122912730                              {pd product} {ergonomic}
    uintx ReservedCodeCacheSize                    = 251658240                              {pd product} {ergonomic}
     bool SegmentedCodeCache                       = true                                      {product} {ergonomic}
   size_t SoftMaxHeapSize                          = 536870912                              {manageable} {ergonomic}
     bool UseCompressedClassPointers               = true                           {product lp64_product} {ergonomic}
     bool UseCompressedOops                        = true                           {product lp64_product} {ergonomic}
     bool UseG1GC                                  = true                                      {product} {ergonomic}
     bool UseLargePagesIndividualAllocation        = false                                  {pd product} {ergonomic}

Logging:
Log output configuration:
 #0: stdout all=warning uptime,level,tags
 #1: stderr all=off uptime,level,tags

Environment Variables:
PATH=C:\Program Files\Common Files\Oracle\Java\javapath;C:\Program Files\Python310\Scripts\;C:\Program Files\Python310\;C:\Windows\system32;C:\Windows;C:\Windows\System32\Wbem;C:\Windows\System32\WindowsPowerShell\v1.0\;C:\Windows\System32\OpenSSH\;C:\Program Files (x86)\NVIDIA Corporation\PhysX\Common;C:\Program Files\NVIDIA Corporation\NVIDIA NvDLISR;C:\WINDOWS\system32;C:\WINDOWS;C:\WINDOWS\System32\Wbem;C:\WINDOWS\System32\WindowsPowerShell\v1.0\;C:\WINDOWS\System32\OpenSSH\;C:\Program Files\Zulu\zulu-8\bin\;C:\Program Files\Git\cmd;C:\Program Files\nodejs\;C:\Program Files\MySQL\MySQL Shell 8.0\bin\;D:\Python310\Scripts\;D:\Python310\;C:\Users\dadad\AppData\Local\Microsoft\WindowsApps;C:\Users\dadad\AppData\Local\Programs\Microsoft VS Code\bin;C:\Users\dadad\AppData\Roaming\npm;%JAVA_HOME%\bin;;C:\Program Files (x86)\ESTsoft\ALSee\x64
USERNAME=dadad
TMPDIR=C:\Users\Public\Documents\ESTsoft\CreatorTemp
OS=Windows_NT
PROCESSOR_IDENTIFIER=Intel64 Family 6 Model 158 Stepping 10, GenuineIntel
TMP=C:\Users\dadad\AppData\Local\Temp
TEMP=C:\Users\dadad\AppData\Local\Temp



---------------  S Y S T E M  ---------------

OS:
 Windows 10 , 64 bit Build 19041 (10.0.19041.3031)
OS uptime: 0 days 2:28 hours

CPU: total 6 (initial active 6) (6 cores per cpu, 1 threads per core) family 6 model 158 stepping 10 microcode 0xb4, cx8, cmov, fxsr, mmx, 3dnowpref, sse, sse2, sse3, ssse3, sse4.1, sse4.2, popcnt, lzcnt, tsc, tscinvbit, avx, avx2, aes, erms, clmul, bmi1, bmi2, adx, fma, vzeroupper, clflush, clflushopt

Memory: 4k page, system-wide physical 16326M (3975M free)
TotalPageFile size 16326M (AvailPageFile size 226M)
current process WorkingSet (physical memory assigned to process): 10M, peak: 10M
current process commit charge ("private bytes"): 55M, peak: 311M

vm_info: OpenJDK 64-Bit Server VM (17.0.7+7-LTS) for windows-amd64 JRE (17.0.7+7-LTS), built on Apr 14 2023 01:39:21 by "Administrator" with MS VC++ 15.9 (VS2017)

END.
