#
# There is insufficient memory for the Java Runtime Environment to continue.
# Native memory allocation (mmap) failed to map 268435456 bytes for G1 virtual space
# Possible reasons:
#   The system is out of physical RAM or swap space
#   The process is running with CompressedOops enabled, and the Java Heap may be blocking the growth of the native heap
# Possible solutions:
#   Reduce memory load on the system
#   Increase physical memory or swap space
#   Check if swap backing store is full
#   Decrease Java heap size (-Xmx/-Xms)
#   Decrease number of Java threads
#   Decrease Java thread stack sizes (-Xss)
#   Set larger code cache with -XX:ReservedCodeCacheSize=
#   JVM is running with Unscaled Compressed Oops mode in which the Java heap is
#     placed in the first 4GB address space. The Java Heap base address is the
#     maximum limit for the native heap growth. Please use -XX:HeapBaseMinAddress
#     to set the Java Heap base and to place the Java Heap above 4GB virtual address.
# This output file may be truncated or incomplete.
#
#  Out of Memory Error (os_windows.cpp:3559), pid=25012, tid=18980
#
# JRE version:  (17.0.7+7) (build )
# Java VM: OpenJDK 64-Bit Server VM (17.0.7+7-LTS, mixed mode, sharing, tiered, compressed oops, compressed class ptrs, g1 gc, windows-amd64)
# No core dump will be written. Minidumps are not enabled by default on client versions of Windows
#

---------------  S U M M A R Y ------------

Command Line: -Dorg.gradle.internal.worker.tmpdir=C:\Users\dadad\OneDrive\desktop\BlogProject\BlogProject\build\tmp\test\work -Dorg.gradle.native=false -Xmx512m -Dfile.encoding=x-windows-949 -Duser.country=KR -Duser.language=ko -Duser.variant -ea worker.org.gradle.process.internal.worker.GradleWorkerMain 'Gradle Test Executor 6'

Host: Intel(R) Core(TM) i5-9400F CPU @ 2.90GHz, 6 cores, 15G,  Windows 10 , 64 bit Build 19041 (10.0.19041.2913)
Time: Sat Jun 10 23:47:46 2023  Windows 10 , 64 bit Build 19041 (10.0.19041.2913) elapsed time: 0.021865 seconds (0d 0h 0m 0s)

---------------  T H R E A D  ---------------

Current thread (0x00000250ffa4acc0):  JavaThread "Unknown thread" [_thread_in_vm, id=18980, stack(0x000000fe18700000,0x000000fe18800000)]

Stack: [0x000000fe18700000,0x000000fe18800000]
Native frames: (J=compiled Java code, j=interpreted, Vv=VM code, C=native code)
V  [jvm.dll+0x64b53a]
V  [jvm.dll+0x7fef54]
V  [jvm.dll+0x80070e]
V  [jvm.dll+0x800d63]
V  [jvm.dll+0x236a2b]
V  [jvm.dll+0x64843a]
V  [jvm.dll+0x63ce8a]
V  [jvm.dll+0x2f5629]
V  [jvm.dll+0x2fc826]
V  [jvm.dll+0x348eea]
V  [jvm.dll+0x34912f]
V  [jvm.dll+0x2cb9a8]
V  [jvm.dll+0x2cc939]
V  [jvm.dll+0x7d2cd1]
V  [jvm.dll+0x3563c1]
V  [jvm.dll+0x7b32ae]
V  [jvm.dll+0x3d38d3]
V  [jvm.dll+0x3d52c1]
C  [jli.dll+0x51bf]
C  [ucrtbase.dll+0x21bb2]
C  [KERNEL32.DLL+0x17614]
C  [ntdll.dll+0x526a1]


---------------  P R O C E S S  ---------------

Threads class SMR info:
_java_thread_list=0x00007ffd4c5ec858, length=0, elements={
}

Java Threads: ( => current thread )

Other Threads:
  0x00000250ffa7e0c0 GCTaskThread "GC Thread#0" [stack: 0x000000fe18800000,0x000000fe18900000] [id=24828]
  0x00000250ffa82f10 ConcurrentGCThread "G1 Main Marker" [stack: 0x000000fe18900000,0x000000fe18a00000] [id=25176]
  0x00000250ffa84070 ConcurrentGCThread "G1 Conc#0" [stack: 0x000000fe18a00000,0x000000fe18b00000] [id=7824]

[error occurred during error reporting (printing all threads), id 0xc0000005, EXCEPTION_ACCESS_VIOLATION (0xc0000005) at pc=0x00007ffd4bddcc47]

VM state: not at safepoint (not fully initialized)

VM Mutex/Monitor currently owned by a thread:  ([mutex/lock_event])
[0x00000250fd88abc0] Heap_lock - owner thread: 0x00000250ffa4acc0

Heap address: 0x00000000e0000000, size: 512 MB, Compressed Oops mode: 32-bit

CDS archive(s) mapped at: [0x0000000000000000-0x0000000000000000-0x0000000000000000), size 0, SharedBaseAddress: 0x0000000800000000, ArchiveRelocationMode: 0.
Narrow klass base: 0x0000000000000000, Narrow klass shift: 0, Narrow klass range: 0x0

GC Precious Log:
<Empty>

Heap:
 garbage-first heap   total 0K, used 0K [0x00000000e0000000, 0x0000000100000000)
  region size 1024K, 0 young (0K), 0 survivors (0K)

[error occurred during error reporting (printing heap information), id 0xc0000005, EXCEPTION_ACCESS_VIOLATION (0xc0000005) at pc=0x00007ffd4c1a3419]

GC Heap History (0 events):
No events

Dll operation events (1 events):
Event: 0.016 Loaded shared library C:\Users\dadad\.jdks\corretto-17.0.7\bin\java.dll

Deoptimization events (0 events):
No events

Classes unloaded (0 events):
No events

Classes redefined (0 events):
No events

Internal exceptions (0 events):
No events

VM Operations (0 events):
No events

Events (0 events):
No events


Dynamic libraries:
0x00007ff7f39e0000 - 0x00007ff7f39ed000 	C:\Users\dadad\.jdks\corretto-17.0.7\bin\java.exe
0x00007ffdafcd0000 - 0x00007ffdafec8000 	C:\WINDOWS\SYSTEM32\ntdll.dll
0x00007ffdafb20000 - 0x00007ffdafbdf000 	C:\WINDOWS\System32\KERNEL32.DLL
0x00007ffdad470000 - 0x00007ffdad766000 	C:\WINDOWS\System32\KERNELBASE.dll
0x00007ffdad800000 - 0x00007ffdad900000 	C:\WINDOWS\System32\ucrtbase.dll
0x00007ffd8ea30000 - 0x00007ffd8ea45000 	C:\Users\dadad\.jdks\corretto-17.0.7\bin\VCRUNTIME140.dll
0x00007ffda8f10000 - 0x00007ffda8f27000 	C:\Users\dadad\.jdks\corretto-17.0.7\bin\jli.dll
0x00007ffdaf750000 - 0x00007ffdaf8ed000 	C:\WINDOWS\System32\USER32.dll
0x00007ffdadba0000 - 0x00007ffdadbc2000 	C:\WINDOWS\System32\win32u.dll
0x00007ffdae850000 - 0x00007ffdae87c000 	C:\WINDOWS\System32\GDI32.dll
0x00007ffd9ca70000 - 0x00007ffd9cd0a000 	C:\WINDOWS\WinSxS\amd64_microsoft.windows.common-controls_6595b64144ccf1df_6.0.19041.1110_none_60b5254171f9507e\COMCTL32.dll
0x00007ffdad930000 - 0x00007ffdada45000 	C:\WINDOWS\System32\gdi32full.dll
0x00007ffdadd30000 - 0x00007ffdaddce000 	C:\WINDOWS\System32\msvcrt.dll
0x00007ffdada50000 - 0x00007ffdadaed000 	C:\WINDOWS\System32\msvcp_win.dll
0x00007ffdae600000 - 0x00007ffdae630000 	C:\WINDOWS\System32\IMM32.DLL
0x00007ffd83670000 - 0x00007ffd8370b000 	C:\Users\dadad\.jdks\corretto-17.0.7\bin\msvcp140.dll
0x00007ffd4bb00000 - 0x00007ffd4c71a000 	C:\Users\dadad\.jdks\corretto-17.0.7\bin\server\jvm.dll
0x00007ffdae7a0000 - 0x00007ffdae84f000 	C:\WINDOWS\System32\ADVAPI32.dll
0x00007ffdaf600000 - 0x00007ffdaf69c000 	C:\WINDOWS\System32\sechost.dll
0x00007ffdae920000 - 0x00007ffdaea46000 	C:\WINDOWS\System32\RPCRT4.dll
0x00007ffd99c00000 - 0x00007ffd99c09000 	C:\WINDOWS\SYSTEM32\WSOCK32.dll
0x00007ffda53a0000 - 0x00007ffda53c7000 	C:\WINDOWS\SYSTEM32\WINMM.dll
0x00007ffda7790000 - 0x00007ffda779a000 	C:\WINDOWS\SYSTEM32\VERSION.dll
0x00007ffdaea50000 - 0x00007ffdaeabb000 	C:\WINDOWS\System32\WS2_32.dll
0x00007ffdab290000 - 0x00007ffdab2a2000 	C:\WINDOWS\SYSTEM32\kernel.appcore.dll
0x00007ffd97c30000 - 0x00007ffd97c3a000 	C:\Users\dadad\.jdks\corretto-17.0.7\bin\jimage.dll
0x00007ffda29a0000 - 0x00007ffda2b84000 	C:\WINDOWS\SYSTEM32\DBGHELP.DLL
0x00007ffd99340000 - 0x00007ffd99374000 	C:\WINDOWS\SYSTEM32\dbgcore.DLL
0x00007ffdad770000 - 0x00007ffdad7f2000 	C:\WINDOWS\System32\bcryptPrimitives.dll
0x00007ffd8e980000 - 0x00007ffd8e9a5000 	C:\Users\dadad\.jdks\corretto-17.0.7\bin\java.dll

dbghelp: loaded successfully - version: 4.0.5 - missing functions: none
symbol engine: initialized successfully - sym options: 0x614 - pdb path: .;C:\Users\dadad\.jdks\corretto-17.0.7\bin;C:\WINDOWS\SYSTEM32;C:\WINDOWS\WinSxS\amd64_microsoft.windows.common-controls_6595b64144ccf1df_6.0.19041.1110_none_60b5254171f9507e;C:\Users\dadad\.jdks\corretto-17.0.7\bin\server

VM Arguments:
jvm_args: -Dorg.gradle.internal.worker.tmpdir=C:\Users\dadad\OneDrive\desktop\BlogProject\BlogProject\build\tmp\test\work -Dorg.gradle.native=false -Xmx512m -Dfile.encoding=x-windows-949 -Duser.country=KR -Duser.language=ko -Duser.variant -ea 
java_command: worker.org.gradle.process.internal.worker.GradleWorkerMain 'Gradle Test Executor 6'
java_class_path (initial): C:\\Users\\dadad\\.gradle\\caches\\7.5.1\\workerMain\\gradle-worker.jar;C:\\Users\\dadad\\OneDrive\\desktop\\BlogProject\\BlogProject\\build\\classes\\java\\test;C:\\Users\\dadad\\OneDrive\\desktop\\BlogProject\\BlogProject\\build\\classes\\java\\main;C:\\Users\\dadad\\OneDrive\\desktop\\BlogProject\\BlogProject\\build\\resources\\main;C:\\Users\\dadad\\.gradle\\caches\\modules-2\\files-2.1\\org.springframework.boot\\spring-boot-starter-web\\3.0.2\\3f6a2cb4cb11bac3611f5a95e234589eb190dd29\\spring-boot-starter-web-3.0.2.jar;C:\\Users\\dadad\\.gradle\\caches\\modules-2\\files-2.1\\org.springframework.boot\\spring-boot-starter-data-jpa\\3.0.2\\fc0dbe82effb33d3d89b4cf2ec6b7968ad2af558\\spring-boot-starter-data-jpa-3.0.2.jar;C:\\Users\\dadad\\.gradle\\caches\\modules-2\\files-2.1\\com.h2database\\h2\\2.1.214\\d5c2005c9e3279201e12d4776c948578b16bf8b2\\h2-2.1.214.jar;C:\\Users\\dadad\\.gradle\\caches\\modules-2\\files-2.1\\org.springframework.boot\\spring-boot-starter-test\\3.0.2\\167ec01ebb1d4d5f955aa25e027fe25336116925\\spring-boot-starter-test-3.0.2.jar;C:\\Users\\dadad\\.gradle\\caches\\modules-2\\files-2.1\\org.springframework.boot\\spring-boot-starter-json\\3.0.2\\11b9a2903af9014696d2576605bb73e8bca6ee19\\spring-boot-starter-json-3.0.2.jar;C:\\Users\\dadad\\.gradle\\caches\\modules-2\\files-2.1\\org.springframework.boot\\spring-boot-starter-aop\\3.0.2\\cfb3ff6a7f8d47c9703f140387f39a837b81ab52\\spring-boot-starter-aop-3.0.2.jar;C:\\Users\\dadad\\.gradle\\caches\\modules-2\\files-2.1\\org.springframework.boot\\spring-boot-starter-jdbc\\3.0.2\\662285456edce14301de88fc0ab4937643a51b50\\spring-boot-starter-jdbc-3.0.2.jar;C:\\Users\\dadad\\.gradle\\caches\\modules-2\\files-2.1\\org.springframework.boot\\spring-boot-starter\\3.0.2\\a9426629b5a83ad64fbe4e1d24081cccf4cdab14\\spring-boot-starter-3.0.2.jar;C:\\Users\\dadad\\.gradle\\caches\\modules-2\\files-2.1\\org.springframework.boot\\spring-boot-starter-tomcat\\3.0.2\\4d50f0cdcb4b8f74221ae823dd7
Launcher Type: SUN_STANDARD

[Global flags]
     intx CICompilerCount                          = 3                                         {product} {ergonomic}
     uint ConcGCThreads                            = 2                                         {product} {ergonomic}
     uint G1ConcRefinementThreads                  = 6                                         {product} {ergonomic}
   size_t G1HeapRegionSize                         = 1048576                                   {product} {ergonomic}
    uintx GCDrainStackTargetSize                   = 64                                        {product} {ergonomic}
   size_t InitialHeapSize                          = 268435456                                 {product} {ergonomic}
   size_t MarkStackSize                            = 4194304                                   {product} {ergonomic}
   size_t MaxHeapSize                              = 536870912                                 {product} {command line}
   size_t MinHeapDeltaBytes                        = 1048576                                   {product} {ergonomic}
   size_t MinHeapSize                              = 8388608                                   {product} {ergonomic}
    uintx NonNMethodCodeHeapSize                   = 5832780                                {pd product} {ergonomic}
    uintx NonProfiledCodeHeapSize                  = 122912730                              {pd product} {ergonomic}
    uintx ProfiledCodeHeapSize                     = 122912730                              {pd product} {ergonomic}
    uintx ReservedCodeCacheSize                    = 251658240                              {pd product} {ergonomic}
     bool SegmentedCodeCache                       = true                                      {product} {ergonomic}
   size_t SoftMaxHeapSize                          = 536870912                              {manageable} {ergonomic}
     bool UseCompressedClassPointers               = true                           {product lp64_product} {ergonomic}
     bool UseCompressedOops                        = true                           {product lp64_product} {ergonomic}
     bool UseG1GC                                  = true                                      {product} {ergonomic}
     bool UseLargePagesIndividualAllocation        = false                                  {pd product} {ergonomic}

Logging:
Log output configuration:
 #0: stdout all=warning uptime,level,tags
 #1: stderr all=off uptime,level,tags

Environment Variables:
PATH=C:\Program Files\Common Files\Oracle\Java\javapath;C:\Program Files\Python310\Scripts\;C:\Program Files\Python310\;C:\Windows\system32;C:\Windows;C:\Windows\System32\Wbem;C:\Windows\System32\WindowsPowerShell\v1.0\;C:\Windows\System32\OpenSSH\;C:\Program Files (x86)\NVIDIA Corporation\PhysX\Common;C:\Program Files\NVIDIA Corporation\NVIDIA NvDLISR;C:\WINDOWS\system32;C:\WINDOWS;C:\WINDOWS\System32\Wbem;C:\WINDOWS\System32\WindowsPowerShell\v1.0\;C:\WINDOWS\System32\OpenSSH\;C:\Program Files\Zulu\zulu-8\bin\;C:\Program Files\Git\cmd;C:\Program Files\nodejs\;C:\Program Files\MySQL\MySQL Shell 8.0\bin\;D:\Python310\Scripts\;D:\Python310\;C:\Users\dadad\AppData\Local\Microsoft\WindowsApps;C:\Users\dadad\AppData\Local\Programs\Microsoft VS Code\bin;C:\Users\dadad\AppData\Roaming\npm;%JAVA_HOME%\bin;;C:\Program Files (x86)\ESTsoft\ALSee\x64
USERNAME=dadad
TMPDIR=C:\Users\Public\Documents\ESTsoft\CreatorTemp
OS=Windows_NT
PROCESSOR_IDENTIFIER=Intel64 Family 6 Model 158 Stepping 10, GenuineIntel
TMP=C:\Users\dadad\AppData\Local\Temp
TEMP=C:\Users\dadad\AppData\Local\Temp



---------------  S Y S T E M  ---------------

OS:
 Windows 10 , 64 bit Build 19041 (10.0.19041.2913)
OS uptime: 0 days 7:49 hours

CPU: total 6 (initial active 6) (6 cores per cpu, 1 threads per core) family 6 model 158 stepping 10 microcode 0xb4, cx8, cmov, fxsr, mmx, 3dnowpref, sse, sse2, sse3, ssse3, sse4.1, sse4.2, popcnt, lzcnt, tsc, tscinvbit, avx, avx2, aes, erms, clmul, bmi1, bmi2, adx, fma, vzeroupper, clflush, clflushopt

Memory: 4k page, system-wide physical 16326M (3642M free)
TotalPageFile size 16326M (AvailPageFile size 229M)
current process WorkingSet (physical memory assigned to process): 10M, peak: 10M
current process commit charge ("private bytes"): 55M, peak: 311M

vm_info: OpenJDK 64-Bit Server VM (17.0.7+7-LTS) for windows-amd64 JRE (17.0.7+7-LTS), built on Apr 14 2023 01:39:21 by "Administrator" with MS VC++ 15.9 (VS2017)

END.
